Using pre-set license
Built from '2020.2/staging' branch; Version is '2020.2.7f1 (c53830e277f1) revision 12924976'; Using compiler version '192528614'; Build Type 'Release'
OS: 'Windows 10 Home; OS build 19041.804; Version 2004; 64bit' Language: 'en' Physical Memory: 32715 MB
BatchMode: 1, IsHumanControllingUs: 0, StartBugReporterOnCrash: 0, Is64bit: 1, IsPro: 0

 COMMAND LINE ARGUMENTS:
C:\Program Files\Unity\Hub\Editor\2020.2.7f1\Editor\Unity.exe
-adb2
-batchMode
-noUpm
-name
AssetImportWorker0
-projectPath
D:/UNI/ENSE/sickbullets/SickBullets
-logFile
Logs/AssetImportWorker0.log
-srvPort
51256
Successfully changed project path to: D:/UNI/ENSE/sickbullets/SickBullets
D:/UNI/ENSE/sickbullets/SickBullets
Using Asset Import Pipeline V2.
Refreshing native plugins compatible for Editor in 29.38 ms, found 1 plugins.
Preloading 0 native plugins for Editor in 0.00 ms.
Initialize engine version: 2020.2.7f1 (c53830e277f1)
[Subsystems] Discovering subsystems at path C:/Program Files/Unity/Hub/Editor/2020.2.7f1/Editor/Data/Resources/UnitySubsystems
[Subsystems] Discovering subsystems at path D:/UNI/ENSE/sickbullets/SickBullets/Assets
GfxDevice: creating device client; threaded=0
Direct3D:
    Version:  Direct3D 11.0 [level 11.1]
    Renderer: NVIDIA GeForce RTX 2080 SUPER (ID=0x1e81)
    Vendor:   
    VRAM:     8010 MB
    Driver:   27.21.14.6089
Initialize mono
Mono path[0] = 'C:/Program Files/Unity/Hub/Editor/2020.2.7f1/Editor/Data/Managed'
Mono path[1] = 'C:/Program Files/Unity/Hub/Editor/2020.2.7f1/Editor/Data/MonoBleedingEdge/lib/mono/unityjit'
Mono config path = 'C:/Program Files/Unity/Hub/Editor/2020.2.7f1/Editor/Data/MonoBleedingEdge/etc'
Using monoOptions --debugger-agent=transport=dt_socket,embedding=1,server=y,suspend=n,address=127.0.0.1:56688
Begin MonoManager ReloadAssembly
Registering precompiled unity dll's ...
Register platform support module: C:/Program Files/Unity/Hub/Editor/2020.2.7f1/Editor/Data/PlaybackEngines/WindowsStandaloneSupport/UnityEditor.WindowsStandalone.Extensions.dll
Registered in 0.001803 seconds.
Native extension for WindowsStandalone target not found
Refreshing native plugins compatible for Editor in 31.13 ms, found 1 plugins.
Preloading 0 native plugins for Editor in 0.00 ms.
Invoked RoslynAnalysisRunner static constructor.
RoslynAnalysisRunner will not be running.
RoslynAnalysisRunner has terminated.
Mono: successfully reloaded assembly
- Completed reload, in  0.913 seconds
Platform modules already initialized, skipping
Registering precompiled user dll's ...
Registered in 0.000501 seconds.
Begin MonoManager ReloadAssembly
Native extension for WindowsStandalone target not found
Refreshing native plugins compatible for Editor in 33.12 ms, found 1 plugins.
Preloading 0 native plugins for Editor in 0.00 ms.
Invoked RoslynAnalysisRunner static constructor.
RoslynAnalysisRunner will not be running.
RoslynAnalysisRunner has terminated.
Mono: successfully reloaded assembly
- Completed reload, in  0.781 seconds
Platform modules already initialized, skipping
========================================================================
Worker process is ready to serve import requests
Launched and connected shader compiler UnityShaderCompiler.exe after 0.05 seconds
Refreshing native plugins compatible for Editor in 0.48 ms, found 1 plugins.
Preloading 0 native plugins for Editor in 0.00 ms.
Unloading 1806 Unused Serialized files (Serialized files now loaded: 0)
System memory in use before: 84.5 MB.
System memory in use after: 84.6 MB.

Unloading 19 unused Assets to reduce memory usage. Loaded Objects now: 2253.
Total: 2.598600 ms (FindLiveObjects: 0.398600 ms CreateObjectMapping: 0.045200 ms MarkObjects: 2.087200 ms  DeleteObjects: 0.065600 ms)

========================================================================
Received Import Request.
  path: Assets
  artifactKey: Guid(00000000000000001000000000000000) Importer(815301076,1909f56bfc062723c751e8b465ee728b)
Start importing Assets using Guid(00000000000000001000000000000000) Importer(815301076,1909f56bfc062723c751e8b465ee728b)  -> (artifact id: 'f89434ac489deb914593f829e0a47671') in 0.003888 seconds
  Import took 0.006610 seconds .

========================================================================
Received Import Request.
  Time since last request: 0.000229 seconds.
  path: Assets/Scenes
  artifactKey: Guid(37b1d8fa4a510e049b7cf06389d9d24a) Importer(815301076,1909f56bfc062723c751e8b465ee728b)
Start importing Assets/Scenes using Guid(37b1d8fa4a510e049b7cf06389d9d24a) Importer(815301076,1909f56bfc062723c751e8b465ee728b)  -> (artifact id: '6cc600ddcbeb2748e7e8dfa67e4c8858') in 0.001066 seconds
  Import took 0.003276 seconds .

========================================================================
Received Import Request.
  Time since last request: 6.953053 seconds.
  path: Assets/Prefabs
  artifactKey: Guid(99ccdcc9668443c409ddd7f304f349f3) Importer(815301076,1909f56bfc062723c751e8b465ee728b)
Start importing Assets/Prefabs using Guid(99ccdcc9668443c409ddd7f304f349f3) Importer(815301076,1909f56bfc062723c751e8b465ee728b)  -> (artifact id: 'c593dae4ee4d61362f4fcc1c045e86ec') in 0.001236 seconds
  Import took 0.004074 seconds .

========================================================================
Received Import Request.
  Time since last request: 51.928374 seconds.
  path: Assets/Scripts
  artifactKey: Guid(4615713a50b0a2544ab93f18f504ca2f) Importer(815301076,1909f56bfc062723c751e8b465ee728b)
Start importing Assets/Scripts using Guid(4615713a50b0a2544ab93f18f504ca2f) Importer(815301076,1909f56bfc062723c751e8b465ee728b)  -> (artifact id: '1669a8399abd104a3462be82a49914fb') in 0.001155 seconds
  Import took 0.003975 seconds .

========================================================================
Received Import Request.
  Time since last request: 15.088294 seconds.
  path: Assets/Scenes/Test.unity
  artifactKey: Guid(bab5e7c39c1a137408ffdae38b860139) Importer(815301076,1909f56bfc062723c751e8b465ee728b)
Start importing Assets/Scenes/Test.unity using Guid(bab5e7c39c1a137408ffdae38b860139) Importer(815301076,1909f56bfc062723c751e8b465ee728b)  -> (artifact id: 'e4d23b52875a6a14f9737a2b4614283a') in 0.007184 seconds
  Import took 0.010251 seconds .

AssetImportWorkerClient::OnTransportError - code=2 error=End of file
